0 info it worked if it ends with ok
1 verbose cli [ '/usr/local/bin/node',
1 verbose cli   '/usr/local/bin/npm',
1 verbose cli   'install',
1 verbose cli   'npm@lastest',
1 verbose cli   '-g' ]
2 info using npm@3.10.10
3 info using node@v6.10.2
4 silly loadCurrentTree Starting
5 silly install loadCurrentTree
6 silly install readGlobalPackageData
7 silly fetchPackageMetaData npm@lastest
8 silly fetchNamedPackageData npm
9 silly mapToRegistry name npm
10 silly mapToRegistry using default registry
11 silly mapToRegistry registry https://registry.npmjs.org/
12 silly mapToRegistry data Result {
12 silly mapToRegistry   raw: 'npm',
12 silly mapToRegistry   scope: null,
12 silly mapToRegistry   escapedName: 'npm',
12 silly mapToRegistry   name: 'npm',
12 silly mapToRegistry   rawSpec: '',
12 silly mapToRegistry   spec: 'latest',
12 silly mapToRegistry   type: 'tag' }
13 silly mapToRegistry uri https://registry.npmjs.org/npm
14 verbose request uri https://registry.npmjs.org/npm
15 verbose request no auth needed
16 info attempt registry request try #1 at 8:26:08 PM
17 verbose request id ab54b27969b3d50f
18 verbose etag "5a989165-6aa805"
19 verbose lastModified Thu, 1 Mar 2018 23:48:53 GMT
20 http request GET https://registry.npmjs.org/npm
21 http 304 https://registry.npmjs.org/npm
22 verbose headers { date: 'Sun, 04 Mar 2018 19:26:09 GMT',
22 verbose headers   via: '1.1 varnish',
22 verbose headers   'cache-control': 'max-age=300',
22 verbose headers   etag: '"5a989165-6aa805"',
22 verbose headers   age: '11570',
22 verbose headers   connection: 'keep-alive',
22 verbose headers   'x-served-by': 'cache-bma7030-BMA',
22 verbose headers   'x-cache': 'HIT',
22 verbose headers   'x-cache-hits': '102',
22 verbose headers   'x-timer': 'S1520191569.036537,VS0,VE0',
22 verbose headers   vary: 'Accept-Encoding, Accept' }
23 silly get cb [ 304,
23 silly get   { date: 'Sun, 04 Mar 2018 19:26:09 GMT',
23 silly get     via: '1.1 varnish',
23 silly get     'cache-control': 'max-age=300',
23 silly get     etag: '"5a989165-6aa805"',
23 silly get     age: '11570',
23 silly get     connection: 'keep-alive',
23 silly get     'x-served-by': 'cache-bma7030-BMA',
23 silly get     'x-cache': 'HIT',
23 silly get     'x-cache-hits': '102',
23 silly get     'x-timer': 'S1520191569.036537,VS0,VE0',
23 silly get     vary: 'Accept-Encoding, Accept' } ]
24 verbose etag https://registry.npmjs.org/npm from cache
25 verbose get saving npm to /Users/jesper/.npm/registry.npmjs.org/npm/.cache.json
26 verbose correctMkdir /Users/jesper/.npm correctMkdir not in flight; initializing
27 silly fetchNamedPackageData No valid target from cache, forcing network
28 verbose request uri https://registry.npmjs.org/npm
29 verbose request no auth needed
30 info attempt registry request try #1 at 8:26:09 PM
31 http request GET https://registry.npmjs.org/npm
32 http 200 https://registry.npmjs.org/npm
33 verbose headers { 'content-type': 'application/json; charset=UTF-8',
33 verbose headers   server: 'UploadServer',
33 verbose headers   'cache-control': 'max-age=300',
33 verbose headers   'last-modified': 'Thu, 1 Mar 2018 23:48:53 GMT',
33 verbose headers   etag: '"5a989165-6aa805"',
33 verbose headers   'x-npm-region': 'EU-East',
33 verbose headers   'content-encoding': 'gzip',
33 verbose headers   'content-length': '653393',
33 verbose headers   'accept-ranges': 'bytes',
33 verbose headers   date: 'Sun, 04 Mar 2018 19:26:09 GMT',
33 verbose headers   via: '1.1 varnish',
33 verbose headers   age: '11570',
33 verbose headers   connection: 'keep-alive',
33 verbose headers   'x-served-by': 'cache-bma7030-BMA',
33 verbose headers   'x-cache': 'HIT',
33 verbose headers   'x-cache-hits': '103',
33 verbose headers   'x-timer': 'S1520191569.244444,VS0,VE0',
33 verbose headers   vary: 'Accept-Encoding, Accept' }
34 silly get cb [ 200,
34 silly get   { 'content-type': 'application/json; charset=UTF-8',
34 silly get     server: 'UploadServer',
34 silly get     'cache-control': 'max-age=300',
34 silly get     'last-modified': 'Thu, 1 Mar 2018 23:48:53 GMT',
34 silly get     etag: '"5a989165-6aa805"',
34 silly get     'x-npm-region': 'EU-East',
34 silly get     'content-encoding': 'gzip',
34 silly get     'content-length': '653393',
34 silly get     'accept-ranges': 'bytes',
34 silly get     date: 'Sun, 04 Mar 2018 19:26:09 GMT',
34 silly get     via: '1.1 varnish',
34 silly get     age: '11570',
34 silly get     connection: 'keep-alive',
34 silly get     'x-served-by': 'cache-bma7030-BMA',
34 silly get     'x-cache': 'HIT',
34 silly get     'x-cache-hits': '103',
34 silly get     'x-timer': 'S1520191569.244444,VS0,VE0',
34 silly get     vary: 'Accept-Encoding, Accept' } ]
35 verbose get saving npm to /Users/jesper/.npm/registry.npmjs.org/npm/.cache.json
36 verbose correctMkdir /Users/jesper/.npm correctMkdir not in flight; initializing
37 silly fetchPackageMetaData Error: No compatible version found: npm@lastest
37 silly fetchPackageMetaData Valid install targets:
37 silly fetchPackageMetaData 5.7.1, 5.7.0, 5.6.0, 5.5.1, 5.5.0, 5.4.2, 5.4.1, 5.4.0, 5.3.0, 5.2.0, 5.1.0, 5.0.4, 5.0.3, 5.0.2, 5.0.1, 5.0.0, 4.6.1, 4.6.0, 4.5.0, 4.4.4, 4.4.3, 4.4.2, 4.4.1, 4.4.0, 4.3.0, 4.2.0, 4.1.2, 4.1.1, 4.1.0, 4.0.5, 4.0.3, 4.0.2, 4.0.1, 4.0.0, 3.10.10, 3.10.9, 3.10.8, 3.10.7, 3.10.6, 3.10.5, 3.10.4, 3.10.3, 3.10.2, 3.10.1, 3.10.0, 3.9.6, 3.9.5, 3.9.4, 3.9.3, 3.9.2, 3.9.1, 3.9.0, 3.8.9, 3.8.8, 3.8.7, 3.8.6, 3.8.5, 3.8.4, 3.8.3, 3.8.2, 3.8.1, 3.8.0, 3.7.5, 3.7.4, 3.7.3, 3.7.2, 3.7.1, 3.7.0, 3.6.0, 3.5.4, 3.5.3, 3.5.2, 3.5.1, 3.5.0, 3.4.1, 3.4.0, 3.3.12, 3.3.11, 3.3.10, 3.3.9, 3.3.8, 3.3.7, 3.3.6, 3.3.5, 3.3.4, 3.3.3, 3.3.2, 3.3.1, 3.3.0, 3.2.2, 3.2.1, 3.2.0, 3.1.3, 3.1.2, 3.1.1, 3.1.0, 3.0.0, 2.15.12, 2.15.11, 2.15.10, 2.15.9, 2.15.8, 2.15.7, 2.15.6, 2.15.5, 2.15.4, 2.15.3, 2.15.2, 2.15.1, 2.15.0, 2.14.22, 2.14.21, 2.14.20, 2.14.19, 2.14.18, 2.14.17, 2.14.16, 2.14.15, 2.14.14, 2.14.13, 2.14.12, 2.14.11, 2.14.10, 2.14.9, 2.14.8, 2.14.7, 2.14.6, 2.14.5, 2.14.4, 2.14.3, 2.14.2, 2.14.1, 2.14.0, 2.13.5, 2.13.4, 2.13.3, 2.13.2, 2.13.1, 2.13.0, 2.12.1, 2.12.0, 2.11.3, 2.11.2, 2.11.1, 2.11.0, 2.10.1, 2.10.0, 2.9.1, 2.9.0, 2.8.4, 2.8.3, 2.8.2, 2.8.1, 2.8.0, 2.7.6, 2.7.5, 2.7.4, 2.7.3, 2.7.2, 2.7.1, 2.7.0, 2.6.1, 2.6.0, 2.5.1, 2.5.0, 2.4.1, 2.4.0, 2.3.0, 2.2.0, 2.1.18, 2.1.17, 2.1.16, 2.1.15, 2.1.14, 2.1.13, 2.1.12, 2.1.11, 2.1.10, 2.1.9, 2.1.8, 2.1.7, 2.1.6, 2.1.5, 2.1.4, 2.1.3, 2.1.2, 2.1.1, 2.1.0, 2.0.2, 2.0.1, 2.0.0, 2.0.0-beta.3, 2.0.0-beta.2, 2.0.0-beta.1, 2.0.0-beta.0, 2.0.0-alpha-5, 2.0.0-alpha.7, 2.0.0-alpha.6.0, 2.0.0-alpha.6, 1.5.0-alpha-4, 1.5.0-alpha-3, 1.5.0-alpha-2, 1.5.0-alpha-1, 1.5.0-alpha-0, 1.4.29, 1.4.28, 1.4.27, 1.4.26, 1.4.25, 1.4.24, 1.4.23, 1.4.22, 1.4.21, 1.4.20, 1.4.19, 1.4.18, 1.4.17, 1.4.16, 1.4.15, 1.4.14, 1.4.13, 1.4.12, 1.4.11, 1.4.10, 1.4.9, 1.4.8, 1.4.7, 1.4.6, 1.4.5, 1.4.4, 1.4.3, 1.4.2, 1.4.1, 1.4.0, 1.3.26, 1.3.25, 1.3.24, 1.3.23, 1.3.22, 1.3.21, 1.3.20, 1.3.18, 1.3.17, 1.3.16, 1.3.15, 1.3.14, 1.3.13, 1.3.12, 1.3.11, 1.3.10, 1.3.9, 1.3.8, 1.3.7, 1.3.6, 1.3.5, 1.3.4, 1.3.2, 1.3.1, 1.3.0, 1.2.8000, 1.2.32, 1.2.31, 1.2.30, 1.2.28, 1.2.27, 1.2.25, 1.2.24, 1.2.23, 1.2.22, 1.2.21, 1.2.20, 1.2.19, 1.1.71, 1.1.70, 1.1.25
37 silly fetchPackageMetaData
37 silly fetchPackageMetaData     at pickVersionFromRegistryDocument (/usr/local/lib/node_modules/npm/lib/fetch-package-metadata.js:178:16)
37 silly fetchPackageMetaData     at /usr/local/lib/node_modules/npm/node_modules/iferr/index.js:13:50
37 silly fetchPackageMetaData     at /usr/local/lib/node_modules/npm/lib/utils/pulse-till-done.js:20:8
37 silly fetchPackageMetaData     at saved (/usr/local/lib/node_modules/npm/lib/cache/caching-client.js:174:7)
37 silly fetchPackageMetaData     at /usr/local/lib/node_modules/npm/node_modules/graceful-fs/polyfills.js:241:18
37 silly fetchPackageMetaData     at FSReqWrap.oncomplete (fs.js:123:15)
37 silly fetchPackageMetaData  error for npm@lastest { Error: No compatible version found: npm@lastest
37 silly fetchPackageMetaData Valid install targets:
37 silly fetchPackageMetaData 5.7.1, 5.7.0, 5.6.0, 5.5.1, 5.5.0, 5.4.2, 5.4.1, 5.4.0, 5.3.0, 5.2.0, 5.1.0, 5.0.4, 5.0.3, 5.0.2, 5.0.1, 5.0.0, 4.6.1, 4.6.0, 4.5.0, 4.4.4, 4.4.3, 4.4.2, 4.4.1, 4.4.0, 4.3.0, 4.2.0, 4.1.2, 4.1.1, 4.1.0, 4.0.5, 4.0.3, 4.0.2, 4.0.1, 4.0.0, 3.10.10, 3.10.9, 3.10.8, 3.10.7, 3.10.6, 3.10.5, 3.10.4, 3.10.3, 3.10.2, 3.10.1, 3.10.0, 3.9.6, 3.9.5, 3.9.4, 3.9.3, 3.9.2, 3.9.1, 3.9.0, 3.8.9, 3.8.8, 3.8.7, 3.8.6, 3.8.5, 3.8.4, 3.8.3, 3.8.2, 3.8.1, 3.8.0, 3.7.5, 3.7.4, 3.7.3, 3.7.2, 3.7.1, 3.7.0, 3.6.0, 3.5.4, 3.5.3, 3.5.2, 3.5.1, 3.5.0, 3.4.1, 3.4.0, 3.3.12, 3.3.11, 3.3.10, 3.3.9, 3.3.8, 3.3.7, 3.3.6, 3.3.5, 3.3.4, 3.3.3, 3.3.2, 3.3.1, 3.3.0, 3.2.2, 3.2.1, 3.2.0, 3.1.3, 3.1.2, 3.1.1, 3.1.0, 3.0.0, 2.15.12, 2.15.11, 2.15.10, 2.15.9, 2.15.8, 2.15.7, 2.15.6, 2.15.5, 2.15.4, 2.15.3, 2.15.2, 2.15.1, 2.15.0, 2.14.22, 2.14.21, 2.14.20, 2.14.19, 2.14.18, 2.14.17, 2.14.16, 2.14.15, 2.14.14, 2.14.13, 2.14.12, 2.14.11, 2.14.10, 2.14.9, 2.14.8, 2.14.7, 2.14.6, 2.14.5, 2.14.4, 2.14.3, 2.14.2, 2.14.1, 2.14.0, 2.13.5, 2.13.4, 2.13.3, 2.13.2, 2.13.1, 2.13.0, 2.12.1, 2.12.0, 2.11.3, 2.11.2, 2.11.1, 2.11.0, 2.10.1, 2.10.0, 2.9.1, 2.9.0, 2.8.4, 2.8.3, 2.8.2, 2.8.1, 2.8.0, 2.7.6, 2.7.5, 2.7.4, 2.7.3, 2.7.2, 2.7.1, 2.7.0, 2.6.1, 2.6.0, 2.5.1, 2.5.0, 2.4.1, 2.4.0, 2.3.0, 2.2.0, 2.1.18, 2.1.17, 2.1.16, 2.1.15, 2.1.14, 2.1.13, 2.1.12, 2.1.11, 2.1.10, 2.1.9, 2.1.8, 2.1.7, 2.1.6, 2.1.5, 2.1.4, 2.1.3, 2.1.2, 2.1.1, 2.1.0, 2.0.2, 2.0.1, 2.0.0, 2.0.0-beta.3, 2.0.0-beta.2, 2.0.0-beta.1, 2.0.0-beta.0, 2.0.0-alpha-5, 2.0.0-alpha.7, 2.0.0-alpha.6.0, 2.0.0-alpha.6, 1.5.0-alpha-4, 1.5.0-alpha-3, 1.5.0-alpha-2, 1.5.0-alpha-1, 1.5.0-alpha-0, 1.4.29, 1.4.28, 1.4.27, 1.4.26, 1.4.25, 1.4.24, 1.4.23, 1.4.22, 1.4.21, 1.4.20, 1.4.19, 1.4.18, 1.4.17, 1.4.16, 1.4.15, 1.4.14, 1.4.13, 1.4.12, 1.4.11, 1.4.10, 1.4.9, 1.4.8, 1.4.7, 1.4.6, 1.4.5, 1.4.4, 1.4.3, 1.4.2, 1.4.1, 1.4.0, 1.3.26, 1.3.25, 1.3.24, 1.3.23, 1.3.22, 1.3.21, 1.3.20, 1.3.18, 1.3.17, 1.3.16, 1.3.15, 1.3.14, 1.3.13, 1.3.12, 1.3.11, 1.3.10, 1.3.9, 1.3.8, 1.3.7, 1.3.6, 1.3.5, 1.3.4, 1.3.2, 1.3.1, 1.3.0, 1.2.8000, 1.2.32, 1.2.31, 1.2.30, 1.2.28, 1.2.27, 1.2.25, 1.2.24, 1.2.23, 1.2.22, 1.2.21, 1.2.20, 1.2.19, 1.1.71, 1.1.70, 1.1.25
37 silly fetchPackageMetaData
37 silly fetchPackageMetaData     at pickVersionFromRegistryDocument (/usr/local/lib/node_modules/npm/lib/fetch-package-metadata.js:178:16)
37 silly fetchPackageMetaData     at /usr/local/lib/node_modules/npm/node_modules/iferr/index.js:13:50
37 silly fetchPackageMetaData     at /usr/local/lib/node_modules/npm/lib/utils/pulse-till-done.js:20:8
37 silly fetchPackageMetaData     at saved (/usr/local/lib/node_modules/npm/lib/cache/caching-client.js:174:7)
37 silly fetchPackageMetaData     at /usr/local/lib/node_modules/npm/node_modules/graceful-fs/polyfills.js:241:18
37 silly fetchPackageMetaData     at FSReqWrap.oncomplete (fs.js:123:15) code: 'ETARGET' }
38 silly rollbackFailedOptional Starting
39 silly rollbackFailedOptional Finishing
40 silly runTopLevelLifecycles Finishing
41 silly install printInstalled
42 verbose stack Error: No compatible version found: npm@lastest
42 verbose stack Valid install targets:
42 verbose stack 5.7.1, 5.7.0, 5.6.0, 5.5.1, 5.5.0, 5.4.2, 5.4.1, 5.4.0, 5.3.0, 5.2.0, 5.1.0, 5.0.4, 5.0.3, 5.0.2, 5.0.1, 5.0.0, 4.6.1, 4.6.0, 4.5.0, 4.4.4, 4.4.3, 4.4.2, 4.4.1, 4.4.0, 4.3.0, 4.2.0, 4.1.2, 4.1.1, 4.1.0, 4.0.5, 4.0.3, 4.0.2, 4.0.1, 4.0.0, 3.10.10, 3.10.9, 3.10.8, 3.10.7, 3.10.6, 3.10.5, 3.10.4, 3.10.3, 3.10.2, 3.10.1, 3.10.0, 3.9.6, 3.9.5, 3.9.4, 3.9.3, 3.9.2, 3.9.1, 3.9.0, 3.8.9, 3.8.8, 3.8.7, 3.8.6, 3.8.5, 3.8.4, 3.8.3, 3.8.2, 3.8.1, 3.8.0, 3.7.5, 3.7.4, 3.7.3, 3.7.2, 3.7.1, 3.7.0, 3.6.0, 3.5.4, 3.5.3, 3.5.2, 3.5.1, 3.5.0, 3.4.1, 3.4.0, 3.3.12, 3.3.11, 3.3.10, 3.3.9, 3.3.8, 3.3.7, 3.3.6, 3.3.5, 3.3.4, 3.3.3, 3.3.2, 3.3.1, 3.3.0, 3.2.2, 3.2.1, 3.2.0, 3.1.3, 3.1.2, 3.1.1, 3.1.0, 3.0.0, 2.15.12, 2.15.11, 2.15.10, 2.15.9, 2.15.8, 2.15.7, 2.15.6, 2.15.5, 2.15.4, 2.15.3, 2.15.2, 2.15.1, 2.15.0, 2.14.22, 2.14.21, 2.14.20, 2.14.19, 2.14.18, 2.14.17, 2.14.16, 2.14.15, 2.14.14, 2.14.13, 2.14.12, 2.14.11, 2.14.10, 2.14.9, 2.14.8, 2.14.7, 2.14.6, 2.14.5, 2.14.4, 2.14.3, 2.14.2, 2.14.1, 2.14.0, 2.13.5, 2.13.4, 2.13.3, 2.13.2, 2.13.1, 2.13.0, 2.12.1, 2.12.0, 2.11.3, 2.11.2, 2.11.1, 2.11.0, 2.10.1, 2.10.0, 2.9.1, 2.9.0, 2.8.4, 2.8.3, 2.8.2, 2.8.1, 2.8.0, 2.7.6, 2.7.5, 2.7.4, 2.7.3, 2.7.2, 2.7.1, 2.7.0, 2.6.1, 2.6.0, 2.5.1, 2.5.0, 2.4.1, 2.4.0, 2.3.0, 2.2.0, 2.1.18, 2.1.17, 2.1.16, 2.1.15, 2.1.14, 2.1.13, 2.1.12, 2.1.11, 2.1.10, 2.1.9, 2.1.8, 2.1.7, 2.1.6, 2.1.5, 2.1.4, 2.1.3, 2.1.2, 2.1.1, 2.1.0, 2.0.2, 2.0.1, 2.0.0, 2.0.0-beta.3, 2.0.0-beta.2, 2.0.0-beta.1, 2.0.0-beta.0, 2.0.0-alpha-5, 2.0.0-alpha.7, 2.0.0-alpha.6.0, 2.0.0-alpha.6, 1.5.0-alpha-4, 1.5.0-alpha-3, 1.5.0-alpha-2, 1.5.0-alpha-1, 1.5.0-alpha-0, 1.4.29, 1.4.28, 1.4.27, 1.4.26, 1.4.25, 1.4.24, 1.4.23, 1.4.22, 1.4.21, 1.4.20, 1.4.19, 1.4.18, 1.4.17, 1.4.16, 1.4.15, 1.4.14, 1.4.13, 1.4.12, 1.4.11, 1.4.10, 1.4.9, 1.4.8, 1.4.7, 1.4.6, 1.4.5, 1.4.4, 1.4.3, 1.4.2, 1.4.1, 1.4.0, 1.3.26, 1.3.25, 1.3.24, 1.3.23, 1.3.22, 1.3.21, 1.3.20, 1.3.18, 1.3.17, 1.3.16, 1.3.15, 1.3.14, 1.3.13, 1.3.12, 1.3.11, 1.3.10, 1.3.9, 1.3.8, 1.3.7, 1.3.6, 1.3.5, 1.3.4, 1.3.2, 1.3.1, 1.3.0, 1.2.8000, 1.2.32, 1.2.31, 1.2.30, 1.2.28, 1.2.27, 1.2.25, 1.2.24, 1.2.23, 1.2.22, 1.2.21, 1.2.20, 1.2.19, 1.1.71, 1.1.70, 1.1.25
42 verbose stack
42 verbose stack     at pickVersionFromRegistryDocument (/usr/local/lib/node_modules/npm/lib/fetch-package-metadata.js:178:16)
42 verbose stack     at /usr/local/lib/node_modules/npm/node_modules/iferr/index.js:13:50
42 verbose stack     at /usr/local/lib/node_modules/npm/lib/utils/pulse-till-done.js:20:8
42 verbose stack     at saved (/usr/local/lib/node_modules/npm/lib/cache/caching-client.js:174:7)
42 verbose stack     at /usr/local/lib/node_modules/npm/node_modules/graceful-fs/polyfills.js:241:18
42 verbose stack     at FSReqWrap.oncomplete (fs.js:123:15)
43 verbose cwd /Users/jesper/dev/trolly-dev/client
44 error Darwin 16.7.0
45 error argv "/usr/local/bin/node" "/usr/local/bin/npm" "install" "npm@lastest" "-g"
46 error node v6.10.2
47 error npm  v3.10.10
48 error code ETARGET
49 error notarget No compatible version found: npm@lastest
49 error notarget Valid install targets:
49 error notarget 5.7.1, 5.7.0, 5.6.0, 5.5.1, 5.5.0, 5.4.2, 5.4.1, 5.4.0, 5.3.0, 5.2.0, 5.1.0, 5.0.4, 5.0.3, 5.0.2, 5.0.1, 5.0.0, 4.6.1, 4.6.0, 4.5.0, 4.4.4, 4.4.3, 4.4.2, 4.4.1, 4.4.0, 4.3.0, 4.2.0, 4.1.2, 4.1.1, 4.1.0, 4.0.5, 4.0.3, 4.0.2, 4.0.1, 4.0.0, 3.10.10, 3.10.9, 3.10.8, 3.10.7, 3.10.6, 3.10.5, 3.10.4, 3.10.3, 3.10.2, 3.10.1, 3.10.0, 3.9.6, 3.9.5, 3.9.4, 3.9.3, 3.9.2, 3.9.1, 3.9.0, 3.8.9, 3.8.8, 3.8.7, 3.8.6, 3.8.5, 3.8.4, 3.8.3, 3.8.2, 3.8.1, 3.8.0, 3.7.5, 3.7.4, 3.7.3, 3.7.2, 3.7.1, 3.7.0, 3.6.0, 3.5.4, 3.5.3, 3.5.2, 3.5.1, 3.5.0, 3.4.1, 3.4.0, 3.3.12, 3.3.11, 3.3.10, 3.3.9, 3.3.8, 3.3.7, 3.3.6, 3.3.5, 3.3.4, 3.3.3, 3.3.2, 3.3.1, 3.3.0, 3.2.2, 3.2.1, 3.2.0, 3.1.3, 3.1.2, 3.1.1, 3.1.0, 3.0.0, 2.15.12, 2.15.11, 2.15.10, 2.15.9, 2.15.8, 2.15.7, 2.15.6, 2.15.5, 2.15.4, 2.15.3, 2.15.2, 2.15.1, 2.15.0, 2.14.22, 2.14.21, 2.14.20, 2.14.19, 2.14.18, 2.14.17, 2.14.16, 2.14.15, 2.14.14, 2.14.13, 2.14.12, 2.14.11, 2.14.10, 2.14.9, 2.14.8, 2.14.7, 2.14.6, 2.14.5, 2.14.4, 2.14.3, 2.14.2, 2.14.1, 2.14.0, 2.13.5, 2.13.4, 2.13.3, 2.13.2, 2.13.1, 2.13.0, 2.12.1, 2.12.0, 2.11.3, 2.11.2, 2.11.1, 2.11.0, 2.10.1, 2.10.0, 2.9.1, 2.9.0, 2.8.4, 2.8.3, 2.8.2, 2.8.1, 2.8.0, 2.7.6, 2.7.5, 2.7.4, 2.7.3, 2.7.2, 2.7.1, 2.7.0, 2.6.1, 2.6.0, 2.5.1, 2.5.0, 2.4.1, 2.4.0, 2.3.0, 2.2.0, 2.1.18, 2.1.17, 2.1.16, 2.1.15, 2.1.14, 2.1.13, 2.1.12, 2.1.11, 2.1.10, 2.1.9, 2.1.8, 2.1.7, 2.1.6, 2.1.5, 2.1.4, 2.1.3, 2.1.2, 2.1.1, 2.1.0, 2.0.2, 2.0.1, 2.0.0, 2.0.0-beta.3, 2.0.0-beta.2, 2.0.0-beta.1, 2.0.0-beta.0, 2.0.0-alpha-5, 2.0.0-alpha.7, 2.0.0-alpha.6.0, 2.0.0-alpha.6, 1.5.0-alpha-4, 1.5.0-alpha-3, 1.5.0-alpha-2, 1.5.0-alpha-1, 1.5.0-alpha-0, 1.4.29, 1.4.28, 1.4.27, 1.4.26, 1.4.25, 1.4.24, 1.4.23, 1.4.22, 1.4.21, 1.4.20, 1.4.19, 1.4.18, 1.4.17, 1.4.16, 1.4.15, 1.4.14, 1.4.13, 1.4.12, 1.4.11, 1.4.10, 1.4.9, 1.4.8, 1.4.7, 1.4.6, 1.4.5, 1.4.4, 1.4.3, 1.4.2, 1.4.1, 1.4.0, 1.3.26, 1.3.25, 1.3.24, 1.3.23, 1.3.22, 1.3.21, 1.3.20, 1.3.18, 1.3.17, 1.3.16, 1.3.15, 1.3.14, 1.3.13, 1.3.12, 1.3.11, 1.3.10, 1.3.9, 1.3.8, 1.3.7, 1.3.6, 1.3.5, 1.3.4, 1.3.2, 1.3.1, 1.3.0, 1.2.8000, 1.2.32, 1.2.31, 1.2.30, 1.2.28, 1.2.27, 1.2.25, 1.2.24, 1.2.23, 1.2.22, 1.2.21, 1.2.20, 1.2.19, 1.1.71, 1.1.70, 1.1.25
50 error notarget This is most likely not a problem with npm itself.
50 error notarget In most cases you or one of your dependencies are requesting
50 error notarget a package version that doesn't exist.
51 verbose exit [ 1, true ]
